<?xml version="1.0" encoding="UTF-8"?>
<!-- Generated by org.testng.reporters.JUnitReportReporter -->
<testsuite hostname="KIRAN-SARASWAT" failures="0" tests="1" name="com.uattest.uattest.Login" time="18.783" errors="0" timestamp="2025-04-08T16:49:06 IST" skipped="0">
  <testcase classname="com.uattest.uattest.Login" name="testInvestorFlow" time="18.783"/>
</testsuite> <!-- com.uattest.uattest.Login -->
